<?xml version="1.0" encoding="UTF-8"?>
<!-- Generated by org.testng.reporters.JUnitReportReporter -->
<testsuite hostname="FeminaPa" failures="0" tests="1" name="Scenario2" time="12.867" errors="0" timestamp="2022-10-21T13:47:04 IST" skipped="0">
  <testcase classname="Scenario2" name="dragAndDrop" time="12.867"/>
  <system-out/>
</testsuite> <!-- Scenario2 -->
