<?xml version="1.0" encoding="UTF-8"?>
<!-- Generated by org.testng.reporters.JUnitReportReporter -->
<testsuite hostname="FeminaPa" failures="0" tests="1" name="Scenario3" time="5.269" errors="0" timestamp="2022-10-21T13:47:04 IST" skipped="0">
  <testcase classname="Scenario3" name="fieldsTest" time="5.269"/>
  <system-out/>
</testsuite> <!-- Scenario3 -->
